\BOOKMARK [0][-]{chapter*.1}{Ehrenw\366rtliche Erkl\344rung}{}% 1
\BOOKMARK [0][-]{chapter*.2}{Foreword}{}% 2
\BOOKMARK [0][-]{chapter.1}{Introduction}{}% 3
\BOOKMARK [0][-]{chapter.2}{State of the Research}{}% 4
\BOOKMARK [1][-]{section.2.1}{Drop Deployment}{chapter.2}% 5
\BOOKMARK [2][-]{subsection.2.1.1}{Piezoelectric}{section.2.1}% 6
\BOOKMARK [2][-]{subsection.2.1.2}{Electromagnetic}{section.2.1}% 7
\BOOKMARK [1][-]{section.2.2}{Ceramic coloring}{chapter.2}% 8
\BOOKMARK [0][-]{chapter.3}{State of the Technology}{}% 9
\BOOKMARK [0][-]{chapter.4}{Review of the State of the Research and Technology}{}% 10
\BOOKMARK [0][-]{chapter.5}{Assignment}{}% 11
\BOOKMARK [0][-]{chapter.6}{Expected Advantages and Functions of the Solution}{}% 12
\BOOKMARK [0][-]{chapter.7}{Solution Structure}{}% 13
\BOOKMARK [0][-]{chapter.8}{Solution Processes}{}% 14
\BOOKMARK [0][-]{chapter.9}{Distinctive Features of the Solution}{}% 15
\BOOKMARK [0][-]{chapter.10}{Experiments}{}% 16
\BOOKMARK [1][-]{section.10.1}{Material Properties}{chapter.10}% 17
\BOOKMARK [1][-]{section.10.2}{Absorption Time}{chapter.10}% 18
\BOOKMARK [1][-]{section.10.3}{Drop Size Selection}{chapter.10}% 19
\BOOKMARK [1][-]{section.10.4}{Point Spread Function}{chapter.10}% 20
\BOOKMARK [0][-]{chapter.11}{Summary and Outlook}{}% 21
\BOOKMARK [0][-]{chapter*.16}{Literaturverzeichnis}{}% 22
\BOOKMARK [0][-]{chapter*.17}{Abbildungsverzeichnis}{}% 23
